[debug] [2024-03-03T20:35:58.153Z] ----------------------------------------------------------------------
[debug] [2024-03-03T20:35:58.154Z] Command:       C:\Program Files\nodejs\node.exe C:\Users\juanc\AppData\Roaming\npm\node_modules\firebase-tools\lib\bin\firebase.js init
[debug] [2024-03-03T20:35:58.155Z] CLI Version:   13.4.0
[debug] [2024-03-03T20:35:58.155Z] Platform:      win32
[debug] [2024-03-03T20:35:58.155Z] Node Version:  v20.9.0
[debug] [2024-03-03T20:35:58.155Z] Time:          Sun Mar 03 2024 17:35:58 GMT-0300 (hora de verano de Chile)
[debug] [2024-03-03T20:35:58.155Z] ----------------------------------------------------------------------
[debug] 
[debug] [2024-03-03T20:35:58.158Z] > command requires scopes: ["email","openid","https://www.googleapis.com/auth/cloudplatformprojects.readonly","https://www.googleapis.com/auth/firebase","https://www.googleapis.com/auth/cloud-platform"]
[debug] [2024-03-03T20:35:58.159Z] > authorizing via signed-in user (juan.cornejo.s@gmail.com)
[info] 
     ######## #### ########  ######## ########     ###     ######  ########
     ##        ##  ##     ## ##       ##     ##  ##   ##  ##       ##
     ######    ##  ########  ######   ########  #########  ######  ######
     ##        ##  ##    ##  ##       ##     ## ##     ##       ## ##
     ##       #### ##     ## ######## ########  ##     ##  ######  ########

You're about to initialize a Firebase project in this directory:

  D:\bootcamp coder house\final js

[info] 
=== Project Setup
[info] 
[info] First, let's associate this project directory with a Firebase project.
[info] You can create multiple project aliases by running firebase use --add, 
[info] but for now we'll just set up a default project.
[info] 
[debug] [2024-03-03T20:38:45.147Z] > refreshing access token with scopes: []
[debug] [2024-03-03T20:38:45.148Z] >>> [apiv2][query] POST https://www.googleapis.com/oauth2/v3/token [none]
[debug] [2024-03-03T20:38:45.148Z] >>> [apiv2][body] POST https://www.googleapis.com/oauth2/v3/token [omitted]
[debug] [2024-03-03T20:38:45.366Z] <<< [apiv2][status] POST https://www.googleapis.com/oauth2/v3/token 200
[debug] [2024-03-03T20:38:45.366Z] <<< [apiv2][body] POST https://www.googleapis.com/oauth2/v3/token [omitted]
[debug] [2024-03-03T20:38:45.372Z] >>> [apiv2][query] GET https://firebase.googleapis.com/v1beta1/projects pageSize=100
[debug] [2024-03-03T20:38:45.921Z] <<< [apiv2][status] GET https://firebase.googleapis.com/v1beta1/projects 200
[debug] [2024-03-03T20:38:45.921Z] <<< [apiv2][body] GET https://firebase.googleapis.com/v1beta1/projects [omitted]
[info] i  Using project trashpandagarage-4abd6 (TrashpandaGarage) 
[info] 
=== Hosting Setup
[debug] [2024-03-03T20:38:49.759Z] >>> [apiv2][query] GET https://firebase.googleapis.com/v1beta1/projects/trashpandagarage-4abd6 [none]
[debug] [2024-03-03T20:38:50.046Z] <<< [apiv2][status] GET https://firebase.googleapis.com/v1beta1/projects/trashpandagarage-4abd6 200
[debug] [2024-03-03T20:38:50.046Z] <<< [apiv2][body] GET https://firebase.googleapis.com/v1beta1/projects/trashpandagarage-4abd6 {"projectId":"trashpandagarage-4abd6","projectNumber":"1010689914185","displayName":"TrashpandaGarage","name":"projects/trashpandagarage-4abd6","resources":{"hostingSite":"trashpandagarage-4abd6","realtimeDatabaseInstance":"trashpandagarage-4abd6-default-rtdb","storageBucket":"trashpandagarage-4abd6.appspot.com","locationId":"us-central"},"state":"ACTIVE","etag":"1_9aa3be1d-9430-4d91-b317-b7ba17381a50"}
[info] 
[info] Your public directory is the folder (relative to your project directory) that
[info] will contain Hosting assets to be uploaded with firebase deploy. If you
[info] have a build process for your assets, use your build's output directory.
[info] 
[debug] [2024-03-03T20:38:59.879Z] >>> [apiv2][query] GET https://www.gstatic.com/firebasejs/releases.json [none]
[debug] [2024-03-03T20:39:00.146Z] <<< [apiv2][status] GET https://www.gstatic.com/firebasejs/releases.json 200
[debug] [2024-03-03T20:39:00.146Z] <<< [apiv2][body] GET https://www.gstatic.com/firebasejs/releases.json {"current":{"version":"10.8.1","browserURL":"https://www.gstatic.com/firebasejs/10.8.1/firebase.js","packageURL":"https://www.gstatic.com/firebasejs/10.8.1/firebase.tgz"},"live":{"version":"10.8","browserURL":"https://www.gstatic.com/firebasejs/live/10.8/firebase.js","packageURL":"https://www.gstatic.com/firebasejs/live/10.8/firebase.tgz"},"components":{"analytics":"https://www.gstatic.com/firebasejs/10.8.1/firebase-analytics.js","app":"https://www.gstatic.com/firebasejs/10.8.1/firebase-app.js","app-check":"https://www.gstatic.com/firebasejs/10.8.1/firebase-app-check.js","auth":"https://www.gstatic.com/firebasejs/10.8.1/firebase-auth.js","auth/cordova":"https://www.gstatic.com/firebasejs/10.8.1/firebase-auth/cordova.js","auth/web-extension":"https://www.gstatic.com/firebasejs/10.8.1/firebase-auth/web-extension.js","functions":"https://www.gstatic.com/firebasejs/10.8.1/firebase-functions.js","firestore":"https://www.gstatic.com/firebasejs/10.8.1/firebase-firestore.js","firestore/lite":"https://www.gstatic.com/firebasejs/10.8.1/firebase-firestore/lite.js","installations":"https://www.gstatic.com/firebasejs/10.8.1/firebase-installations.js","storage":"https://www.gstatic.com/firebasejs/10.8.1/firebase-storage.js","performance":"https://www.gstatic.com/firebasejs/10.8.1/firebase-performance.js","remote-config":"https://www.gstatic.com/firebasejs/10.8.1/firebase-remote-config.js","messaging":"https://www.gstatic.com/firebasejs/10.8.1/firebase-messaging.js","messaging/sw":"https://www.gstatic.com/firebasejs/10.8.1/firebase-messaging/sw.js","database":"https://www.gstatic.com/firebasejs/10.8.1/firebase-database.js","firestore.memory":"https://www.gstatic.com/firebasejs/10.8.1/firebase-firestore.memory.js"}}
[info] +  Wrote src/index.html 
[info] 
[info] i  Detected a .git folder at D:\bootcamp coder house\final js 
[info] i  Authorizing with GitHub to upload your service account to a GitHub repository's secrets store. 
[info] 
[info] Visit this URL on this device to log in:
[info] https://github.com/login/oauth/authorize?client_id=89cf50f02ac6aaed3484&state=918019393&redirect_uri=http%3A%2F%2Flocalhost%3A9005&scope=read%3Auser%20repo%20public_repo
[info] 
[info] Waiting for authentication...
[debug] [2024-03-03T20:39:05.436Z] >>> [apiv2][query] POST https://github.com/login/oauth/access_token [none]
[debug] [2024-03-03T20:39:05.436Z] >>> [apiv2][body] POST https://github.com/login/oauth/access_token [stream]
[debug] [2024-03-03T20:39:05.910Z] <<< [apiv2][status] POST https://github.com/login/oauth/access_token 200
[debug] [2024-03-03T20:39:05.910Z] <<< [apiv2][body] POST https://github.com/login/oauth/access_token {"access_token":"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","token_type":"bearer","scope":"read:user,repo"}
[debug] [2024-03-03T20:39:05.914Z] >>> [apiv2][query] GET https://api.github.com/user [none]
[debug] [2024-03-03T20:39:06.363Z] <<< [apiv2][status] GET https://api.github.com/user 200
[debug] [2024-03-03T20:39:06.363Z] <<< [apiv2][body] GET https://api.github.com/user {"login":"mjoksiglandi","id":20077458,"node_id":"MDQ6VXNlcjIwMDc3NDU4","avatar_url":"https://avatars.githubusercontent.com/u/20077458?v=4","gravatar_id":"","url":"https://api.github.com/users/mjoksiglandi","html_url":"https://github.com/mjoksiglandi","followers_url":"https://api.github.com/users/mjoksiglandi/followers","following_url":"https://api.github.com/users/mjoksiglandi/following{/other_user}","gists_url":"https://api.github.com/users/mjoksiglandi/gists{/gist_id}","starred_url":"https://api.github.com/users/mjoksiglandi/starred{/owner}{/repo}","subscriptions_url":"https://api.github.com/users/mjoksiglandi/subscriptions","organizations_url":"https://api.github.com/users/mjoksiglandi/orgs","repos_url":"https://api.github.com/users/mjoksiglandi/repos","events_url":"https://api.github.com/users/mjoksiglandi/events{/privacy}","received_events_url":"https://api.github.com/users/mjoksiglandi/received_events","type":"User","site_admin":false,"name":"Gormm","company":null,"blog":"","location":"chile","email":"juan.cornejo.s@gmail.com","hireable":null,"bio":null,"twitter_username":null,"public_repos":16,"public_gists":0,"followers":1,"following":0,"created_at":"2016-06-22T00:20:19Z","updated_at":"2024-01-17T21:49:47Z","private_gists":0,"total_private_repos":11,"owned_private_repos":11,"disk_usage":25106,"collaborators":0,"two_factor_authentication":false,"plan":{"name":"free","space":976562499,"collaborators":0,"private_repos":10000}}
[info] 
[info] +  Success! Logged into GitHub as mjoksiglandi 
[info] 
